[2026-03-02 15:42:22] ========== 开始自动提交流程 ==========
[2026-03-02 15:42:22] 正在拉取最新代码...
error: cannot pull with rebase: You have unstaged changes.
error: please commit or stash them.
[2026-03-02 15:42:22] 📝 检测到以下文件变更：
 M .github/workflows/build.yml
?? GITHUB_AUTH_GUIDE.md
?? SETUP_COMPLETE.md
?? auto_commit.log
?? auto_commit.sh
?? install_cron.sh
?? setup_github_token.sh
[2026-03-02 15:42:22] 📦 正在添加所有变更...
[2026-03-02 15:42:22] 📝 生成 Commit 信息：
🤖 Auto commit at 2026-03-02 15:42

Modified 7 file(s): .github/workflows/build.yml,GITHUB_AUTH_GUIDE.md,SETUP_COMPLETE.md,auto_commit.log,auto_commit.sh

- Automated daily commit
- Triggered by cron job
- Build workflow will be triggered
[2026-03-02 15:42:22] 💾 正在提交...
[main d17f895] 🤖 Auto commit at 2026-03-02 15:42
 7 files changed, 451 insertions(+), 1 deletion(-)
 create mode 100644 GITHUB_AUTH_GUIDE.md
 create mode 100644 SETUP_COMPLETE.md
 create mode 100644 auto_commit.log
 create mode 100755 auto_commit.sh
 create mode 100755 install_cron.sh
 create mode 100644 setup_github_token.sh
[2026-03-02 15:42:22] 🚀 正在推送到远程仓库...
To https://github.com/Kiowx/c_cleaner_plus.git
 ! [remote rejected] HEAD -> main (refusing to allow a Personal Access Token to create or update workflow `.github/workflows/build.yml` without `workflow` scope)
error: failed to push some refs to 'https://github.com/Kiowx/c_cleaner_plus.git'
[2026-03-02 15:42:23] ✅ 自动提交完成！
[2026-03-02 15:42:23] 🔗 GitHub Actions 将自动触发 build.yml workflow
[2026-03-02 15:42:23] ========== 流程结束 ==========
[2026-03-02 15:42:23] 
[2026-03-02 15:50:27] ========== 开始自动提交流程 ==========
[2026-03-02 15:50:27] 正在拉取最新代码...
error: cannot pull with rebase: You have unstaged changes.
error: please commit or stash them.
[2026-03-02 15:50:27] 📝 检测到以下文件变更：
 M auto_commit.log
[2026-03-02 15:50:27] 📦 正在添加所有变更（排除 workflows 目录）...
